build/app/intermediates/manifest_merge_blame_file/debug/manifest-merger-blame-debug-report.txt
1<?xml version="1.0" encoding="utf-8"?>
2<manifest xmlns:android="http://schemas.android.com/apk/res/android"
3    package="com.app.upstanders"
4    android:versionCode="8"
5    android:versionName="2.0.0" >
6
7    <uses-sdk
8        android:minSdkVersion="21"
9        android:targetSdkVersion="30" />
10    <!--
11         Flutter needs it to communicate with the running application
12         to allow setting breakpoints, to provide hot reload, etc.
13    -->
14    <uses-permission android:name="android.permission.INTERNET" />
14-->src/main/AndroidManifest.xml:3:5-66
14-->src/main/AndroidManifest.xml:3:22-64
15    <uses-permission android:name="android.permission.ACCESS_FINE_LOCATION" />
15-->src/main/AndroidManifest.xml:4:5-79
15-->src/main/AndroidManifest.xml:4:22-76
16    <uses-permission android:name="android.permission.ACCESS_COARSE_LOCATION" />
16-->src/main/AndroidManifest.xml:5:5-81
16-->src/main/AndroidManifest.xml:5:22-78
17    <uses-permission android:name="android.permission.FOREGROUND_SERVICE" />
17-->src/main/AndroidManifest.xml:6:5-77
17-->src/main/AndroidManifest.xml:6:22-74
18    <uses-permission android:name="android.permission.ACCESS_BACKGROUND_LOCATION" />
18-->src/main/AndroidManifest.xml:7:5-84
18-->src/main/AndroidManifest.xml:7:22-82
19    <uses-permission android:name="android.permission.WAKE_LOCK" />
19-->src/main/AndroidManifest.xml:8:5-68
19-->src/main/AndroidManifest.xml:8:22-65
20    <uses-permission android:name="android.permission.RECORD_AUDIO" />
20-->src/main/AndroidManifest.xml:9:5-70
20-->src/main/AndroidManifest.xml:9:22-68
21    <uses-permission android:name="android.permission.WRITE_EXTERNAL_STORAGE" />
21-->src/main/AndroidManifest.xml:10:5-80
21-->src/main/AndroidManifest.xml:10:22-78
22    <uses-permission android:name="android.permission.READ_EXTERNAL_STORAGE" />
22-->src/main/AndroidManifest.xml:11:5-79
22-->src/main/AndroidManifest.xml:11:22-77
23    <uses-permission android:name="android.permission.READ_INTERNAL_STORAGE" />
23-->src/main/AndroidManifest.xml:12:5-79
23-->src/main/AndroidManifest.xml:12:22-77
24    <uses-permission android:name="android.permission.CAMERA" />
24-->src/main/AndroidManifest.xml:13:5-65
24-->src/main/AndroidManifest.xml:13:22-62
25    <uses-permission android:name="android.permission.ACCESS_NETWORK_STATE" />
25-->[:firebase_messaging] AndroidManifest.xml:9:5-79
25-->[:firebase_messaging] AndroidManifest.xml:9:22-76
26    <uses-permission android:name="android.permission.RECEIVE_BOOT_COMPLETED" />
26-->[:flutter_local_notifications] AndroidManifest.xml:7:5-81
26-->[:flutter_local_notifications] AndroidManifest.xml:7:22-78
27    <uses-permission android:name="android.permission.VIBRATE" />
27-->[:flutter_local_notifications] AndroidManifest.xml:8:5-66
27-->[:flutter_local_notifications] AndroidManifest.xml:8:22-63
28    <uses-permission android:name="android.permission.USE_FULL_SCREEN_INTENT" /> <!-- Required by older versions of Google Play services to create IID tokens -->
28-->[:flutter_local_notifications] AndroidManifest.xml:9:5-81
28-->[:flutter_local_notifications] AndroidManifest.xml:9:22-78
29    <uses-permission android:name="com.google.android.c2dm.permission.RECEIVE" />
29-->[com.google.firebase:firebase-messaging:23.0.0] AndroidManifest.xml:25:5-82
29-->[com.google.firebase:firebase-messaging:23.0.0] AndroidManifest.xml:25:22-79
30    <uses-permission android:name="android.permission.BLUETOOTH" />
30-->[com.github.Canardoux:tau_core:8.3.12] AndroidManifest.xml:11:5-68
30-->[com.github.Canardoux:tau_core:8.3.12] AndroidManifest.xml:11:22-65
31    <uses-permission android:name="android.permission.MODIFY_AUDIO_SETTINGS" />
31-->[com.github.Canardoux:tau_core:8.3.12] AndroidManifest.xml:13:5-80
31-->[com.github.Canardoux:tau_core:8.3.12] AndroidManifest.xml:13:22-77
32
33    <queries>
33-->[androidx.media2:media2-session:1.1.3] AndroidManifest.xml:24:5-34:15
34        <intent>
34-->[androidx.media2:media2-session:1.1.3] AndroidManifest.xml:25:9-27:18
35            <action android:name="android.media.browse.MediaBrowserService" />
35-->[androidx.media2:media2-session:1.1.3] AndroidManifest.xml:26:13-79
35-->[androidx.media2:media2-session:1.1.3] AndroidManifest.xml:26:21-76
36        </intent>
37        <intent>
37-->[androidx.media2:media2-session:1.1.3] AndroidManifest.xml:28:9-30:18
38            <action android:name="androidx.media2.session.MediaSessionService" />
38-->[androidx.media2:media2-session:1.1.3] AndroidManifest.xml:29:13-82
38-->[androidx.media2:media2-session:1.1.3] AndroidManifest.xml:29:21-79
39        </intent>
40        <intent>
40-->[androidx.media2:media2-session:1.1.3] AndroidManifest.xml:31:9-33:18
41            <action android:name="androidx.media2.session.MediaLibraryService" />
41-->[androidx.media2:media2-session:1.1.3] AndroidManifest.xml:32:13-82
41-->[androidx.media2:media2-session:1.1.3] AndroidManifest.xml:32:21-79
42        </intent>
43    </queries>
44
45    <uses-feature
45-->[com.google.android.gms:play-services-maps:17.0.0] AndroidManifest.xml:26:5-28:35
46        android:glEsVersion="0x00020000"
46-->[com.google.android.gms:play-services-maps:17.0.0] AndroidManifest.xml:27:9-41
47        android:required="true" /> <!-- <uses-permission android:name="android.permission.REQUEST_INSTALL_PACKAGES" /> -->
47-->[com.google.android.gms:play-services-maps:17.0.0] AndroidManifest.xml:28:9-32
48    <application
48-->src/main/AndroidManifest.xml:17:4-69:19
49        android:appComponentFactory="androidx.core.app.CoreComponentFactory"
49-->[androidx.core:core:1.6.0] AndroidManifest.xml:24:18-86
50        android:debuggable="true"
51        android:icon="@mipmap/ic_launcher"
51-->src/main/AndroidManifest.xml:21:9-43
52        android:label="Upstanders"
52-->src/main/AndroidManifest.xml:19:9-35
53        android:requestLegacyExternalStorage="true"
53-->src/main/AndroidManifest.xml:18:9-52
54        android:usesCleartextTraffic="true" >
54-->src/main/AndroidManifest.xml:20:9-44
55        <activity
55-->src/main/AndroidManifest.xml:22:9-56:20
56            android:name="com.app.upstanders.MainActivity"
56-->src/main/AndroidManifest.xml:23:13-41
57            android:configChanges="orientation|keyboardHidden|keyboard|screenSize|smallestScreenSize|locale|layoutDirection|fontScale|screenLayout|density|uiMode"
57-->src/main/AndroidManifest.xml:26:13-163
58            android:hardwareAccelerated="true"
58-->src/main/AndroidManifest.xml:27:13-47
59            android:launchMode="singleTop"
59-->src/main/AndroidManifest.xml:24:13-43
60            android:theme="@style/LaunchTheme"
60-->src/main/AndroidManifest.xml:25:13-47
61            android:windowSoftInputMode="adjustResize" >
61-->src/main/AndroidManifest.xml:28:13-55
62
63            <!--
64                 Specifies an Android theme to apply to this Activity as soon as
65                 the Android process has started. This theme is visible to the user
66                 while the Flutter UI initializes. After that, this theme continues
67                 to determine the Window background behind the Flutter UI.
68            -->
69            <meta-data
69-->src/main/AndroidManifest.xml:33:13-36:17
70                android:name="io.flutter.embedding.android.NormalTheme"
70-->src/main/AndroidManifest.xml:34:15-70
71                android:resource="@style/NormalTheme" />
71-->src/main/AndroidManifest.xml:35:15-52
72            <!--
73                 Displays an Android View that continues showing the launch screen
74                 Drawable until Flutter paints its first frame, then this splash
75                 screen fades out. A splash screen is useful to avoid any visual
76                 gap between the end of Android's launch screen and the painting of
77                 Flutter's first frame.
78            -->
79            <meta-data
79-->src/main/AndroidManifest.xml:42:13-45:17
80                android:name="io.flutter.embedding.android.SplashScreenDrawable"
80-->src/main/AndroidManifest.xml:43:15-79
81                android:resource="@drawable/launch_background" />
81-->src/main/AndroidManifest.xml:44:15-61
82
83            <!-- To use multiple models: android:value="ocr,label,barcode,face" -->
84            <!--
85              <meta-data
86              android:name="com.google.firebase.ml.vision.DEPENDENCIES"
87              android:value="face" />
88            -->
89
90            <intent-filter>
90-->src/main/AndroidManifest.xml:52:13-55:29
91                <action android:name="android.intent.action.MAIN" />
91-->src/main/AndroidManifest.xml:53:17-68
91-->src/main/AndroidManifest.xml:53:25-66
92
93                <category android:name="android.intent.category.LAUNCHER" />
93-->src/main/AndroidManifest.xml:54:17-76
93-->src/main/AndroidManifest.xml:54:27-74
94            </intent-filter>
95        </activity>
96        <!--
97             Don't delete the meta-data below. AIzaSyC1NWASl-6GRG0snVGcGvx45nc6hSsJB4g
98             This is used by the Flutter tool to generate GeneratedPluginRegistrant.java
99        -->
100        <meta-data
100-->src/main/AndroidManifest.xml:59:9-61:33
101            android:name="flutterEmbedding"
101-->src/main/AndroidManifest.xml:60:13-44
102            android:value="2" />
102-->src/main/AndroidManifest.xml:61:13-30
103        <meta-data
103-->src/main/AndroidManifest.xml:62:9-63:73
104            android:name="com.google.android.geo.API_KEY"
104-->src/main/AndroidManifest.xml:62:20-65
105            android:value="AIzaSyC7KPJ4yOK6DLhX_avjS5m4rbyLD1X0z6w" />
105-->src/main/AndroidManifest.xml:63:16-71
106
107        <activity
107-->src/main/AndroidManifest.xml:64:9-67:71
108            android:name="com.yalantis.ucrop.UCropActivity"
108-->src/main/AndroidManifest.xml:65:13-60
109            android:screenOrientation="portrait"
109-->src/main/AndroidManifest.xml:66:13-49
110            android:theme="@style/Theme.AppCompat.Light.NoActionBar" />
110-->src/main/AndroidManifest.xml:67:13-69
111
112        <service
112-->[:firebase_messaging] AndroidManifest.xml:12:9-15:72
113            android:name="io.flutter.plugins.firebase.messaging.FlutterFirebaseMessagingBackgroundService"
113-->[:firebase_messaging] AndroidManifest.xml:13:13-107
114            android:exported="false"
114-->[:firebase_messaging] AndroidManifest.xml:14:13-37
115            android:permission="android.permission.BIND_JOB_SERVICE" />
115-->[:firebase_messaging] AndroidManifest.xml:15:13-69
116        <service
116-->[:firebase_messaging] AndroidManifest.xml:16:9-22:19
117            android:name="io.flutter.plugins.firebase.messaging.FlutterFirebaseMessagingService"
117-->[:firebase_messaging] AndroidManifest.xml:17:13-97
118            android:exported="false" >
118-->[:firebase_messaging] AndroidManifest.xml:18:13-37
119            <intent-filter>
119-->[:firebase_messaging] AndroidManifest.xml:19:13-21:29
120                <action android:name="com.google.firebase.MESSAGING_EVENT" />
120-->[:firebase_messaging] AndroidManifest.xml:20:17-78
120-->[:firebase_messaging] AndroidManifest.xml:20:25-75
121            </intent-filter>
122        </service>
123
124        <receiver
124-->[:firebase_messaging] AndroidManifest.xml:24:9-31:20
125            android:name="io.flutter.plugins.firebase.messaging.FlutterFirebaseMessagingReceiver"
125-->[:firebase_messaging] AndroidManifest.xml:25:13-98
126            android:exported="true"
126-->[:firebase_messaging] AndroidManifest.xml:26:13-36
127            android:permission="com.google.android.c2dm.permission.SEND" >
127-->[:firebase_messaging] AndroidManifest.xml:27:13-73
128            <intent-filter>
128-->[:firebase_messaging] AndroidManifest.xml:28:13-30:29
129                <action android:name="com.google.android.c2dm.intent.RECEIVE" />
129-->[:firebase_messaging] AndroidManifest.xml:29:17-81
129-->[:firebase_messaging] AndroidManifest.xml:29:25-78
130            </intent-filter>
131        </receiver>
132
133        <service
133-->[:firebase_messaging] AndroidManifest.xml:33:9-37:19
134            android:name="com.google.firebase.components.ComponentDiscoveryService"
134-->[:firebase_messaging] AndroidManifest.xml:33:18-89
135            android:directBootAware="true"
135-->[com.google.firebase:firebase-common:20.0.0] AndroidManifest.xml:35:13-43
136            android:exported="false" >
136-->[com.google.firebase:firebase-messaging:23.0.0] AndroidManifest.xml:51:13-37
137            <meta-data
137-->[:firebase_messaging] AndroidManifest.xml:34:13-36:85
138                android:name="com.google.firebase.components:io.flutter.plugins.firebase.messaging.FlutterFirebaseAppRegistrar"
138-->[:firebase_messaging] AndroidManifest.xml:35:17-128
139                android:value="com.google.firebase.components.ComponentRegistrar" />
139-->[:firebase_messaging] AndroidManifest.xml:36:17-82
140            <meta-data
140-->[:firebase_core] AndroidManifest.xml:9:13-11:85
141                android:name="com.google.firebase.components:io.flutter.plugins.firebase.core.FlutterFirebaseCoreRegistrar"
141-->[:firebase_core] AndroidManifest.xml:10:17-124
142                android:value="com.google.firebase.components.ComponentRegistrar" />
142-->[:firebase_core] AndroidManifest.xml:11:17-82
143            <meta-data
143-->[com.google.firebase:firebase-messaging:23.0.0] AndroidManifest.xml:52:13-54:85
144                android:name="com.google.firebase.components:com.google.firebase.messaging.FirebaseMessagingRegistrar"
144-->[com.google.firebase:firebase-messaging:23.0.0] AndroidManifest.xml:53:17-119
145                android:value="com.google.firebase.components.ComponentRegistrar" />
145-->[com.google.firebase:firebase-messaging:23.0.0] AndroidManifest.xml:54:17-82
146            <meta-data
146-->[com.google.firebase:firebase-datatransport:18.0.0] AndroidManifest.xml:28:13-30:85
147                android:name="com.google.firebase.components:com.google.firebase.datatransport.TransportRegistrar"
147-->[com.google.firebase:firebase-datatransport:18.0.0] AndroidManifest.xml:29:17-115
148                android:value="com.google.firebase.components.ComponentRegistrar" />
148-->[com.google.firebase:firebase-datatransport:18.0.0] AndroidManifest.xml:30:17-82
149            <meta-data
149-->[com.google.firebase:firebase-installations:17.0.0] AndroidManifest.xml:18:13-20:85
150                android:name="com.google.firebase.components:com.google.firebase.installations.FirebaseInstallationsRegistrar"
150-->[com.google.firebase:firebase-installations:17.0.0] AndroidManifest.xml:19:17-127
151                android:value="com.google.firebase.components.ComponentRegistrar" />
151-->[com.google.firebase:firebase-installations:17.0.0] AndroidManifest.xml:20:17-82
152        </service>
153
154        <provider
154-->[:firebase_messaging] AndroidManifest.xml:39:9-43:38
155            android:name="io.flutter.plugins.firebase.messaging.FlutterFirebaseMessagingInitProvider"
155-->[:firebase_messaging] AndroidManifest.xml:40:13-102
156            android:authorities="com.app.upstanders.flutterfirebasemessaginginitprovider"
156-->[:firebase_messaging] AndroidManifest.xml:41:13-88
157            android:exported="false"
157-->[:firebase_messaging] AndroidManifest.xml:42:13-37
158            android:initOrder="99" />
158-->[:firebase_messaging] AndroidManifest.xml:43:13-35
159        <provider
159-->[:image_picker] AndroidManifest.xml:8:9-16:20
160            android:name="io.flutter.plugins.imagepicker.ImagePickerFileProvider"
160-->[:image_picker] AndroidManifest.xml:9:13-82
161            android:authorities="com.app.upstanders.flutter.image_provider"
161-->[:image_picker] AndroidManifest.xml:10:13-74
162            android:exported="false"
162-->[:image_picker] AndroidManifest.xml:11:13-37
163            android:grantUriPermissions="true" >
163-->[:image_picker] AndroidManifest.xml:12:13-47
164            <meta-data
164-->[:image_picker] AndroidManifest.xml:13:13-15:75
165                android:name="android.support.FILE_PROVIDER_PATHS"
165-->[:image_picker] AndroidManifest.xml:14:17-67
166                android:resource="@xml/flutter_image_picker_file_paths" />
166-->[:image_picker] AndroidManifest.xml:15:17-72
167        </provider>
168
169        <receiver android:name="com.dexterous.flutterlocalnotifications.ScheduledNotificationReceiver" />
169-->[:flutter_local_notifications] AndroidManifest.xml:12:9-106
169-->[:flutter_local_notifications] AndroidManifest.xml:12:19-103
170        <receiver android:name="com.dexterous.flutterlocalnotifications.ScheduledNotificationBootReceiver" >
170-->[:flutter_local_notifications] AndroidManifest.xml:13:9-20:20
170-->[:flutter_local_notifications] AndroidManifest.xml:13:19-107
171            <intent-filter>
171-->[:flutter_local_notifications] AndroidManifest.xml:14:13-19:29
172                <action android:name="android.intent.action.BOOT_COMPLETED" />
172-->[:flutter_local_notifications] AndroidManifest.xml:15:17-79
172-->[:flutter_local_notifications] AndroidManifest.xml:15:25-76
173                <action android:name="android.intent.action.MY_PACKAGE_REPLACED" />
173-->[:flutter_local_notifications] AndroidManifest.xml:16:17-84
173-->[:flutter_local_notifications] AndroidManifest.xml:16:25-81
174                <action android:name="android.intent.action.QUICKBOOT_POWERON" />
174-->[:flutter_local_notifications] AndroidManifest.xml:17:17-82
174-->[:flutter_local_notifications] AndroidManifest.xml:17:25-79
175                <action android:name="com.htc.intent.action.QUICKBOOT_POWERON" />
175-->[:flutter_local_notifications] AndroidManifest.xml:18:17-82
175-->[:flutter_local_notifications] AndroidManifest.xml:18:25-79
176            </intent-filter>
177        </receiver>
178
179        <activity
179-->[com.withpersona.sdk:inquiry-internal:1.1.3] AndroidManifest.xml:10:9-14:58
180            android:name="com.withpersona.sdk.inquiry.internal.InquiryActivity"
180-->[com.withpersona.sdk:inquiry-internal:1.1.3] AndroidManifest.xml:11:13-80
181            android:screenOrientation="portrait"
181-->[com.withpersona.sdk:inquiry-internal:1.1.3] AndroidManifest.xml:12:13-49
182            android:theme="@style/Persona.Inquiry.Theme"
182-->[com.withpersona.sdk:inquiry-internal:1.1.3] AndroidManifest.xml:13:13-57
183            android:windowSoftInputMode="adjustResize" />
183-->[com.withpersona.sdk:inquiry-internal:1.1.3] AndroidManifest.xml:14:13-55
184
185        <provider
185-->[com.withpersona.sdk:document:1.1.3] AndroidManifest.xml:10:9-19:20
186            android:name="com.withpersona.sdk.inquiry.document.DocumentFileProvider"
186-->[com.withpersona.sdk:document:1.1.3] AndroidManifest.xml:11:13-85
187            android:authorities="com.app.upstanders.persona.provider"
187-->[com.withpersona.sdk:document:1.1.3] AndroidManifest.xml:12:13-68
188            android:exported="false"
188-->[com.withpersona.sdk:document:1.1.3] AndroidManifest.xml:13:13-37
189            android:grantUriPermissions="true" >
189-->[com.withpersona.sdk:document:1.1.3] AndroidManifest.xml:14:13-47
190            <meta-data
190-->[:image_picker] AndroidManifest.xml:13:13-15:75
191                android:name="android.support.FILE_PROVIDER_PATHS"
191-->[:image_picker] AndroidManifest.xml:14:17-67
192                android:resource="@xml/file_paths" >
192-->[:image_picker] AndroidManifest.xml:15:17-72
193            </meta-data>
194        </provider>
195
196        <meta-data
196-->[com.withpersona.sdk:camera:1.1.3] AndroidManifest.xml:12:9-14:48
197            android:name="com.google.mlkit.vision.DEPENDENCIES"
197-->[com.withpersona.sdk:camera:1.1.3] AndroidManifest.xml:13:13-64
198            android:value="ocr,face,barcode" />
198-->[com.withpersona.sdk:camera:1.1.3] AndroidManifest.xml:14:13-45
199
200        <receiver
200-->[com.google.firebase:firebase-messaging:23.0.0] AndroidManifest.xml:28:9-35:20
201            android:name="com.google.firebase.iid.FirebaseInstanceIdReceiver"
201-->[com.google.firebase:firebase-messaging:23.0.0] AndroidManifest.xml:29:13-78
202            android:exported="true"
202-->[com.google.firebase:firebase-messaging:23.0.0] AndroidManifest.xml:30:13-36
203            android:permission="com.google.android.c2dm.permission.SEND" >
203-->[com.google.firebase:firebase-messaging:23.0.0] AndroidManifest.xml:31:13-73
204            <intent-filter>
204-->[:firebase_messaging] AndroidManifest.xml:28:13-30:29
205                <action android:name="com.google.android.c2dm.intent.RECEIVE" />
205-->[:firebase_messaging] AndroidManifest.xml:29:17-81
205-->[:firebase_messaging] AndroidManifest.xml:29:25-78
206            </intent-filter>
207        </receiver>
208        <!--
209             FirebaseMessagingService performs security checks at runtime,
210             but set to not exported to explicitly avoid allowing another app to call it.
211        -->
212        <service
212-->[com.google.firebase:firebase-messaging:23.0.0] AndroidManifest.xml:41:9-48:19
213            android:name="com.google.firebase.messaging.FirebaseMessagingService"
213-->[com.google.firebase:firebase-messaging:23.0.0] AndroidManifest.xml:42:13-82
214            android:directBootAware="true"
214-->[com.google.firebase:firebase-messaging:23.0.0] AndroidManifest.xml:43:13-43
215            android:exported="false" >
215-->[com.google.firebase:firebase-messaging:23.0.0] AndroidManifest.xml:44:13-37
216            <intent-filter android:priority="-500" >
216-->[:firebase_messaging] AndroidManifest.xml:19:13-21:29
217                <action android:name="com.google.firebase.MESSAGING_EVENT" />
217-->[:firebase_messaging] AndroidManifest.xml:20:17-78
217-->[:firebase_messaging] AndroidManifest.xml:20:25-75
218            </intent-filter>
219        </service>
220
221        <provider
221-->[com.google.firebase:firebase-common:20.0.0] AndroidManifest.xml:26:9-31:39
222            android:name="com.google.firebase.provider.FirebaseInitProvider"
222-->[com.google.firebase:firebase-common:20.0.0] AndroidManifest.xml:27:13-77
223            android:authorities="com.app.upstanders.firebaseinitprovider"
223-->[com.google.firebase:firebase-common:20.0.0] AndroidManifest.xml:28:13-72
224            android:directBootAware="true"
224-->[com.google.firebase:firebase-common:20.0.0] AndroidManifest.xml:29:13-43
225            android:exported="false"
225-->[com.google.firebase:firebase-common:20.0.0] AndroidManifest.xml:30:13-37
226            android:initOrder="100" />
226-->[com.google.firebase:firebase-common:20.0.0] AndroidManifest.xml:31:13-36
227        <provider
227-->[com.squareup.picasso:picasso:2.71828] AndroidManifest.xml:8:9-11:40
228            android:name="com.squareup.picasso.PicassoProvider"
228-->[com.squareup.picasso:picasso:2.71828] AndroidManifest.xml:9:13-64
229            android:authorities="com.app.upstanders.com.squareup.picasso"
229-->[com.squareup.picasso:picasso:2.71828] AndroidManifest.xml:10:13-72
230            android:exported="false" />
230-->[com.squareup.picasso:picasso:2.71828] AndroidManifest.xml:11:13-37
231
232        <service
232-->[com.google.android.gms:play-services-mlkit-barcode-scanning:16.1.4] AndroidManifest.xml:9:9-15:19
233            android:name="com.google.mlkit.common.internal.MlKitComponentDiscoveryService"
233-->[com.google.android.gms:play-services-mlkit-barcode-scanning:16.1.4] AndroidManifest.xml:10:13-91
234            android:directBootAware="true"
234-->[com.google.mlkit:common:17.1.1] AndroidManifest.xml:17:13-43
235            android:exported="false" >
235-->[com.google.android.gms:play-services-mlkit-barcode-scanning:16.1.4] AndroidManifest.xml:11:13-37
236            <meta-data
236-->[com.google.android.gms:play-services-mlkit-barcode-scanning:16.1.4] AndroidManifest.xml:12:13-14:85
237                android:name="com.google.firebase.components:com.google.mlkit.vision.barcode.internal.BarcodeRegistrar"
237-->[com.google.android.gms:play-services-mlkit-barcode-scanning:16.1.4] AndroidManifest.xml:13:17-120
238                android:value="com.google.firebase.components.ComponentRegistrar" />
238-->[com.google.android.gms:play-services-mlkit-barcode-scanning:16.1.4] AndroidManifest.xml:14:17-82
239            <meta-data
239-->[com.google.android.gms:play-services-mlkit-text-recognition:16.1.3] AndroidManifest.xml:12:13-14:85
240                android:name="com.google.firebase.components:com.google.mlkit.vision.text.internal.TextRegistrar"
240-->[com.google.android.gms:play-services-mlkit-text-recognition:16.1.3] AndroidManifest.xml:13:17-114
241                android:value="com.google.firebase.components.ComponentRegistrar" />
241-->[com.google.android.gms:play-services-mlkit-text-recognition:16.1.3] AndroidManifest.xml:14:17-82
242            <meta-data
242-->[com.google.android.gms:play-services-mlkit-face-detection:16.1.6] AndroidManifest.xml:12:13-14:85
243                android:name="com.google.firebase.components:com.google.mlkit.vision.face.internal.FaceRegistrar"
243-->[com.google.android.gms:play-services-mlkit-face-detection:16.1.6] AndroidManifest.xml:13:17-114
244                android:value="com.google.firebase.components.ComponentRegistrar" />
244-->[com.google.android.gms:play-services-mlkit-face-detection:16.1.6] AndroidManifest.xml:14:17-82
245            <meta-data
245-->[com.google.mlkit:vision-common:16.3.0] AndroidManifest.xml:12:13-14:85
246                android:name="com.google.firebase.components:com.google.mlkit.vision.common.internal.VisionCommonRegistrar"
246-->[com.google.mlkit:vision-common:16.3.0] AndroidManifest.xml:13:17-124
247                android:value="com.google.firebase.components.ComponentRegistrar" />
247-->[com.google.mlkit:vision-common:16.3.0] AndroidManifest.xml:14:17-82
248            <meta-data
248-->[com.google.mlkit:common:17.1.1] AndroidManifest.xml:20:13-22:85
249                android:name="com.google.firebase.components:com.google.mlkit.common.internal.CommonComponentRegistrar"
249-->[com.google.mlkit:common:17.1.1] AndroidManifest.xml:21:17-120
250                android:value="com.google.firebase.components.ComponentRegistrar" />
250-->[com.google.mlkit:common:17.1.1] AndroidManifest.xml:22:17-82
251        </service>
252
253        <provider
253-->[androidx.work:work-runtime:2.5.0] AndroidManifest.xml:31:9-37:35
254            android:name="androidx.work.impl.WorkManagerInitializer"
254-->[androidx.work:work-runtime:2.5.0] AndroidManifest.xml:32:13-69
255            android:authorities="com.app.upstanders.workmanager-init"
255-->[androidx.work:work-runtime:2.5.0] AndroidManifest.xml:33:13-68
256            android:directBootAware="false"
256-->[androidx.work:work-runtime:2.5.0] AndroidManifest.xml:34:13-44
257            android:exported="false"
257-->[androidx.work:work-runtime:2.5.0] AndroidManifest.xml:35:13-37
258            android:multiprocess="true" />
258-->[androidx.work:work-runtime:2.5.0] AndroidManifest.xml:36:13-40
259
260        <service
260-->[androidx.work:work-runtime:2.5.0] AndroidManifest.xml:39:9-44:35
261            android:name="androidx.work.impl.background.systemalarm.SystemAlarmService"
261-->[androidx.work:work-runtime:2.5.0] AndroidManifest.xml:40:13-88
262            android:directBootAware="false"
262-->[androidx.work:work-runtime:2.5.0] AndroidManifest.xml:41:13-44
263            android:enabled="@bool/enable_system_alarm_service_default"
263-->[androidx.work:work-runtime:2.5.0] AndroidManifest.xml:42:13-72
264            android:exported="false" />
264-->[androidx.work:work-runtime:2.5.0] AndroidManifest.xml:43:13-37
265        <service
265-->[androidx.work:work-runtime:2.5.0] AndroidManifest.xml:45:9-51:35
266            android:name="androidx.work.impl.background.systemjob.SystemJobService"
266-->[androidx.work:work-runtime:2.5.0] AndroidManifest.xml:46:13-84
267            android:directBootAware="false"
267-->[androidx.work:work-runtime:2.5.0] AndroidManifest.xml:47:13-44
268            android:enabled="@bool/enable_system_job_service_default"
268-->[androidx.work:work-runtime:2.5.0] AndroidManifest.xml:48:13-70
269            android:exported="true"
269-->[androidx.work:work-runtime:2.5.0] AndroidManifest.xml:49:13-36
270            android:permission="android.permission.BIND_JOB_SERVICE" />
270-->[androidx.work:work-runtime:2.5.0] AndroidManifest.xml:50:13-69
271        <service
271-->[androidx.work:work-runtime:2.5.0] AndroidManifest.xml:52:9-57:35
272            android:name="androidx.work.impl.foreground.SystemForegroundService"
272-->[androidx.work:work-runtime:2.5.0] AndroidManifest.xml:53:13-81
273            android:directBootAware="false"
273-->[androidx.work:work-runtime:2.5.0] AndroidManifest.xml:54:13-44
274            android:enabled="@bool/enable_system_foreground_service_default"
274-->[androidx.work:work-runtime:2.5.0] AndroidManifest.xml:55:13-77
275            android:exported="false" />
275-->[androidx.work:work-runtime:2.5.0] AndroidManifest.xml:56:13-37
276
277        <receiver
277-->[androidx.work:work-runtime:2.5.0] AndroidManifest.xml:59:9-64:35
278            android:name="androidx.work.impl.utils.ForceStopRunnable$BroadcastReceiver"
278-->[androidx.work:work-runtime:2.5.0] AndroidManifest.xml:60:13-88
279            android:directBootAware="false"
279-->[androidx.work:work-runtime:2.5.0] AndroidManifest.xml:61:13-44
280            android:enabled="true"
280-->[androidx.work:work-runtime:2.5.0] AndroidManifest.xml:62:13-35
281            android:exported="false" />
281-->[androidx.work:work-runtime:2.5.0] AndroidManifest.xml:63:13-37
282        <receiver
282-->[androidx.work:work-runtime:2.5.0] AndroidManifest.xml:65:9-75:20
283            android:name="androidx.work.impl.background.systemalarm.ConstraintProxy$BatteryChargingProxy"
283-->[androidx.work:work-runtime:2.5.0] AndroidManifest.xml:66:13-106
284            android:directBootAware="false"
284-->[androidx.work:work-runtime:2.5.0] AndroidManifest.xml:67:13-44